\BOOKMARK [0][-]{section*.1}{\315ndice general}{}% 1
\BOOKMARK [0][-]{section*.2}{\315ndice de figuras}{}% 2
\BOOKMARK [0][-]{section*.3}{\315ndice de tablas}{}% 3
\BOOKMARK [0][-]{chapter.1}{Introducci\363n}{}% 4
\BOOKMARK [1][-]{section.1.1}{Objectivos}{chapter.1}% 5
\BOOKMARK [0][-]{chapter.2}{Descripci\363n del proyecto}{}% 6
\BOOKMARK [1][-]{section.2.1}{Arduino DUE}{chapter.2}% 7
\BOOKMARK [1][-]{section.2.2}{Shield y sensores}{chapter.2}% 8
\BOOKMARK [1][-]{section.2.3}{GPS}{chapter.2}% 9
\BOOKMARK [1][-]{section.2.4}{Laravel}{chapter.2}% 10
\BOOKMARK [1][-]{section.2.5}{Mysql}{chapter.2}% 11
\BOOKMARK [1][-]{section.2.6}{Bootstrap}{chapter.2}% 12
\BOOKMARK [1][-]{section.2.7}{Chart.js}{chapter.2}% 13
\BOOKMARK [0][-]{chapter.3}{??? ???? ??????}{}% 14
\BOOKMARK [1][-]{section.3.1}{?? ???? ???? ? ?? ??}{chapter.3}% 15
\BOOKMARK [0][-]{chapter.4}{??? ???? ??????}{}% 16
\BOOKMARK [1][-]{section.4.1}{?? ???? ???? ? ?? ??}{chapter.4}% 17
\BOOKMARK [0][-]{chapter.5}{Conclusiones}{}% 18
\BOOKMARK [0][-]{chapter*.4}{Bibliograf\355a}{}% 19
\BOOKMARK [0][-]{appendix.Alph1}{Configuraci\363n del sistema}{}% 20
\BOOKMARK [1][-]{section.Alph1.1}{Fase d'inicialitzaci\363}{appendix.Alph1}% 21
\BOOKMARK [1][-]{section.Alph1.2}{Identificaci\363 de dispositius}{appendix.Alph1}% 22
\BOOKMARK [0][-]{appendix.Alph2}{??? ???????????? ????}{}% 23
