\BOOKMARK [0][-]{chapter.1}{1 Introducci\363n}{}% 1
\BOOKMARK [0][-]{chapter.2}{2 \277Qu\351 Spanning-Tree-Protocol?}{}% 2
\BOOKMARK [1][-]{section.2.1}{2.1 STP \(Spanning Tree Protocol\)}{chapter.2}% 3
\BOOKMARK [1][-]{section.2.2}{2.2 RSTP \(Rapid Spanning Tree Protocol\)}{chapter.2}% 4
\BOOKMARK [0][-]{chapter.3}{3 Objetivos }{}% 5
\BOOKMARK [0][-]{chapter.4}{4 Material}{}% 6
\BOOKMARK [0][-]{chapter.5}{5 Configuraci\363n}{}% 7
\BOOKMARK [1][-]{section.5.1}{5.1 Configuraci\363n de la red}{chapter.5}% 8
\BOOKMARK [2][-]{subsection.5.1.1}{5.1.1 Arquitectura b\341sica}{section.5.1}% 9
\BOOKMARK [2][-]{subsection.5.1.2}{5.1.2 Arquitectura b\341sica + diagonal}{section.5.1}% 10
\BOOKMARK [1][-]{section.5.2}{5.2 Configuraci\363n inicial}{chapter.5}% 11
\BOOKMARK [2][-]{subsection.5.2.1}{5.2.1 Configuraci\363n Wireless}{section.5.2}% 12
\BOOKMARK [2][-]{subsection.5.2.2}{5.2.2 Configuraci\363n de los otros dispositivos}{section.5.2}% 13
\BOOKMARK [1][-]{section.5.3}{5.3 Configuraci\363n STP / RSTP}{chapter.5}% 14
\BOOKMARK [2][-]{subsection.5.3.1}{5.3.1 Configuraci\363n out-of-the-box de RSTP }{section.5.3}% 15
\BOOKMARK [2][-]{subsection.5.3.2}{5.3.2 Configuraci\363n para evitar otro dispositivo con STP no autorizado}{section.5.3}% 16
\BOOKMARK [2][-]{subsection.5.3.3}{5.3.3 Configuraci\363n para evitar bucles en el clientes}{section.5.3}% 17
\BOOKMARK [2][-]{subsection.5.3.4}{5.3.4 Configuraci\363n del path cost}{section.5.3}% 18
\BOOKMARK [2][-]{subsection.5.3.5}{5.3.5 Bucle para Backup Port}{section.5.3}% 19
\BOOKMARK [0][-]{chapter.6}{6 Pruebas y resultados}{}% 20
\BOOKMARK [1][-]{section.6.1}{6.1 Introducci\363n}{chapter.6}% 21
\BOOKMARK [1][-]{section.6.2}{6.2 Desactivar el STP en modo Seguro.}{chapter.6}% 22
\BOOKMARK [1][-]{section.6.3}{6.3 Desconectar un enlace.}{chapter.6}% 23
\BOOKMARK [1][-]{section.6.4}{6.4 Modificar el valor de path cost}{chapter.6}% 24
\BOOKMARK [1][-]{section.6.5}{6.5 Proteger la integridad de la estructura cuando se a\361ada un dispositivo en un extremo de la red configurado con STP \(edge\)}{chapter.6}% 25
\BOOKMARK [1][-]{section.6.6}{6.6 Proteger la estructura cuando un posible usuario cree un lazo cerrado entre dos puertos \(horizon\)}{chapter.6}% 26
\BOOKMARK [1][-]{section.6.7}{6.7 A\361adir enlace para tener redundancia \(Backup Port\)}{chapter.6}% 27
\BOOKMARK [1][-]{section.6.8}{6.8 Evitar los dos problemas anteriores combinados.}{chapter.6}% 28
\BOOKMARK [0][-]{chapter.7}{7 Conclusiones}{}% 29
